<?xml version="1.0" encoding="UTF-8"?>
<!-- Generated by org.testng.reporters.JUnitXMLReporter -->
<testsuite hostname="DESKTOP-DEV86DM" name="FirefoxTest" tests="1" failures="0" timestamp="10 Feb 2020 06:55:03 GMT" time="5.468" errors="0">
  <testcase name="@BeforeTest chrome" time="0.0" classname="org.parallel.crossBrowser.CrossBrowserTesting">
    <failure type="java.lang.NullPointerException">
      <![CDATA[java.lang.NullPointerException
	at org.parallel.crossBrowser.CrossBrowserTesting.chrome(CrossBrowserTesting.java:45)
	at java.util.concurrent.FutureTask.run(Unknown Source)
	at java.util.concurrent.ThreadPoolExecutor.runWorker(Unknown Source)
	at java.util.concurrent.ThreadPoolExecutor$Worker.run(Unknown Source)
	at java.lang.Thread.run(Unknown Source)
... Removed 14 stack frames]]>
    </failure>
  </testcase> <!-- @BeforeTest chrome -->
  <testcase name="testCaseOne" time="0.0" classname="org.parallel.crossBrowser.CrossBrowserTesting">
    <skipped/>
  </testcase> <!-- testCaseOne -->
</testsuite> <!-- FirefoxTest -->
