<?xml version="1.0" encoding="UTF-8"?>
<!-- Generated by org.testng.reporters.JUnitXMLReporter -->
<testsuite hostname="DESKTOP-DEV86DM" name="InternetExplorerTest" tests="1" failures="0" timestamp="10 Feb 2020 06:04:53 GMT" time="1.078" errors="0">
  <testcase name="@BeforeTest chrome" time="0.0" classname="org.parallel.crossBrowser.CrossBrowserTesting">
    <failure type="org.openqa.selenium.SessionNotCreatedException" message="session not created: No matching capabilities found
Build info: version: &amp;apos;3.141.59&amp;apos;, revision: &amp;apos;e82be7d358&amp;apos;, time: &amp;apos;2018-11-14T08:17:03&amp;apos;
System info: host: &amp;apos;DESKTOP-DEV86DM&amp;apos;, ip: &amp;apos;192.168.1.117&amp;apos;, os.name: &amp;apos;Windows 10&amp;apos;, os.arch: &amp;apos;amd64&amp;apos;, os.version: &amp;apos;10.0&amp;apos;, java.version: &amp;apos;1.8.0_241&amp;apos;
Driver info: driver.version: InternetExplorerDriver
remote stacktrace: Backtrace:
	Ordinal0 [0x00007FF61F567FE2+3637218]
	Ordinal0 [0x00007FF61F31B519+1226009]
	Ordinal0 [0x00007FF61F29CF08+708360]
	Ordinal0 [0x00007FF61F29B65F+702047]
	Ordinal0 [0x00007FF61F275F73+548723]
	Ordinal0 [0x00007FF61F276D3E+552254]
	Ordinal0 [0x00007FF61F49A1AF+2793903]
	GetHandleVerifier [0x00007FF61F637933+701747]
	GetHandleVerifier [0x00007FF61F63769E+701086]
	GetHandleVerifier [0x00007FF61F64D3FC+790524]
	GetHandleVerifier [0x00007FF61F638490+704656]
	Ordinal0 [0x00007FF61F48DEDE+2744030]
	Ordinal0 [0x00007FF61F49C4D0+2802896]
	Ordinal0 [0x00007FF61F4BB732+2930482]
	BaseThreadInitThunk [0x00007FFFC0AB7BD4+20]
	RtlUserThreadStart [0x00007FFFC1C6CED1+33]
">
      <![CDATA[org.openqa.selenium.SessionNotCreatedException: session not created: No matching capabilities found
Build info: version: '3.141.59', revision: 'e82be7d358', time: '2018-11-14T08:17:03'
System info: host: 'DESKTOP-DEV86DM', ip: '192.168.1.117', os.name: 'Windows 10', os.arch: 'amd64', os.version: '10.0', java.version: '1.8.0_241'
Driver info: driver.version: InternetExplorerDriver
remote stacktrace: Backtrace:
	Ordinal0 [0x00007FF61F567FE2+3637218]
	Ordinal0 [0x00007FF61F31B519+1226009]
	Ordinal0 [0x00007FF61F29CF08+708360]
	Ordinal0 [0x00007FF61F29B65F+702047]
	Ordinal0 [0x00007FF61F275F73+548723]
	Ordinal0 [0x00007FF61F276D3E+552254]
	Ordinal0 [0x00007FF61F49A1AF+2793903]
	GetHandleVerifier [0x00007FF61F637933+701747]
	GetHandleVerifier [0x00007FF61F63769E+701086]
	GetHandleVerifier [0x00007FF61F64D3FC+790524]
	GetHandleVerifier [0x00007FF61F638490+704656]
	Ordinal0 [0x00007FF61F48DEDE+2744030]
	Ordinal0 [0x00007FF61F49C4D0+2802896]
	Ordinal0 [0x00007FF61F4BB732+2930482]
	BaseThreadInitThunk [0x00007FFFC0AB7BD4+20]
	RtlUserThreadStart [0x00007FFFC1C6CED1+33]

	at org.openqa.selenium.remote.W3CHandshakeResponse.lambda$errorHandler$0(W3CHandshakeResponse.java:62)
	at org.openqa.selenium.remote.HandshakeResponse.lambda$getResponseFunction$0(HandshakeResponse.java:30)
	at org.openqa.selenium.remote.ProtocolHandshake.lambda$createSession$0(ProtocolHandshake.java:126)
	at java.util.stream.ReferencePipeline$3$1.accept(Unknown Source)
	at java.util.Spliterators$ArraySpliterator.tryAdvance(Unknown Source)
	at java.util.stream.ReferencePipeline.forEachWithCancel(Unknown Source)
	at java.util.stream.AbstractPipeline.copyIntoWithCancel(Unknown Source)
	at java.util.stream.AbstractPipeline.copyInto(Unknown Source)
	at java.util.stream.AbstractPipeline.wrapAndCopyInto(Unknown Source)
	at java.util.stream.FindOps$FindOp.evaluateSequential(Unknown Source)
	at java.util.stream.AbstractPipeline.evaluate(Unknown Source)
	at java.util.stream.ReferencePipeline.findFirst(Unknown Source)
	at org.openqa.selenium.remote.ProtocolHandshake.createSession(ProtocolHandshake.java:128)
	at org.openqa.selenium.remote.ProtocolHandshake.createSession(ProtocolHandshake.java:74)
	at org.openqa.selenium.remote.HttpCommandExecutor.execute(HttpCommandExecutor.java:136)
	at org.openqa.selenium.remote.service.DriverCommandExecutor.execute(DriverCommandExecutor.java:83)
	at org.openqa.selenium.remote.RemoteWebDriver.execute(RemoteWebDriver.java:552)
	at org.openqa.selenium.remote.RemoteWebDriver.startSession(RemoteWebDriver.java:213)
	at org.openqa.selenium.ie.InternetExplorerDriver.run(InternetExplorerDriver.java:221)
	at org.openqa.selenium.ie.InternetExplorerDriver.<init>(InternetExplorerDriver.java:213)
	at org.openqa.selenium.ie.InternetExplorerDriver.<init>(InternetExplorerDriver.java:150)
	at org.parallel.crossBrowser.CrossBrowserTesting.chrome(CrossBrowserTesting.java:36)
	at java.util.concurrent.FutureTask.run(Unknown Source)
	at java.util.concurrent.ThreadPoolExecutor.runWorker(Unknown Source)
	at java.util.concurrent.ThreadPoolExecutor$Worker.run(Unknown Source)
	at java.lang.Thread.run(Unknown Source)
... Removed 18 stack frames]]>
    </failure>
  </testcase> <!-- @BeforeTest chrome -->
  <testcase name="testCaseOne" time="0.0" classname="org.parallel.crossBrowser.CrossBrowserTesting">
    <skipped/>
  </testcase> <!-- testCaseOne -->
</testsuite> <!-- InternetExplorerTest -->
