<?xml version="1.0" encoding="UTF-8"?>
<!-- Generated by org.testng.reporters.JUnitXMLReporter -->
<testsuite hostname="DESKTOP-DEV86DM" name="Test" tests="25" failures="0" timestamp="7 Feb 2020 12:17:06 GMT" time="0.031" errors="0">
  <testcase name="testCase31" time="0.0" classname="org.parallel.crossBrowser.ParallelExeByClassLevelFour"/>
  <testcase name="testCase41" time="0.0" classname="org.parallel.crossBrowser.ParallelExeByClassLevelFive"/>
  <testcase name="testCase1" time="0.0" classname="org.parallel.crossBrowser.ParallelExeByClassLevelOne"/>
  <testcase name="testCase11" time="0.0" classname="org.parallel.crossBrowser.ParallelExeByClassLevelTwo"/>
  <testcase name="testCase21" time="0.0" classname="org.parallel.crossBrowser.ParallelExeByClassLevelThree"/>
  <testcase name="testCase42" time="0.0" classname="org.parallel.crossBrowser.ParallelExeByClassLevelFive"/>
  <testcase name="testCase2" time="0.0" classname="org.parallel.crossBrowser.ParallelExeByClassLevelOne"/>
  <testcase name="testCase12" time="0.015" classname="org.parallel.crossBrowser.ParallelExeByClassLevelTwo"/>
  <testcase name="testCase32" time="0.015" classname="org.parallel.crossBrowser.ParallelExeByClassLevelFour"/>
  <testcase name="testCase22" time="0.015" classname="org.parallel.crossBrowser.ParallelExeByClassLevelThree"/>
  <testcase name="testCase13" time="0.0" classname="org.parallel.crossBrowser.ParallelExeByClassLevelTwo"/>
  <testcase name="testCase43" time="0.0" classname="org.parallel.crossBrowser.ParallelExeByClassLevelFive"/>
  <testcase name="testCase3" time="0.0" classname="org.parallel.crossBrowser.ParallelExeByClassLevelOne"/>
  <testcase name="testCase33" time="0.0" classname="org.parallel.crossBrowser.ParallelExeByClassLevelFour"/>
  <testcase name="testCase23" time="0.0" classname="org.parallel.crossBrowser.ParallelExeByClassLevelThree"/>
  <testcase name="testCase44" time="0.0" classname="org.parallel.crossBrowser.ParallelExeByClassLevelFive"/>
  <testcase name="testCase4" time="0.0" classname="org.parallel.crossBrowser.ParallelExeByClassLevelOne"/>
  <testcase name="testCase14" time="0.0" classname="org.parallel.crossBrowser.ParallelExeByClassLevelTwo"/>
  <testcase name="testCase34" time="0.0" classname="org.parallel.crossBrowser.ParallelExeByClassLevelFour"/>
  <testcase name="testCase24" time="0.0" classname="org.parallel.crossBrowser.ParallelExeByClassLevelThree"/>
  <testcase name="testCase15" time="0.0" classname="org.parallel.crossBrowser.ParallelExeByClassLevelTwo"/>
  <testcase name="testCase45" time="0.0" classname="org.parallel.crossBrowser.ParallelExeByClassLevelFive"/>
  <testcase name="testCase35" time="0.0" classname="org.parallel.crossBrowser.ParallelExeByClassLevelFour"/>
  <testcase name="testCase5" time="0.0" classname="org.parallel.crossBrowser.ParallelExeByClassLevelOne"/>
  <testcase name="testCase25" time="0.0" classname="org.parallel.crossBrowser.ParallelExeByClassLevelThree"/>
</testsuite> <!-- Test -->
