<?xml version="1.0" encoding="UTF-8"?>
<testng-results skipped="0" failed="0" total="2" passed="2">
  <reporter-output>
  </reporter-output>
  <suite name="Default suite" duration-ms="25988" started-at="2020-02-12T07:20:02Z" finished-at="2020-02-12T07:20:28Z">
    <groups>
    </groups>
    <test name="Default test" duration-ms="25988" started-at="2020-02-12T07:20:02Z" finished-at="2020-02-12T07:20:28Z">
      <class name="org.execution.DemoForLog4j">
        <test-method status="PASS" signature="setup()[pri:0, instance:org.execution.DemoForLog4j@1888ff2c]" name="setup" is-config="true" duration-ms="13262" started-at="2020-02-12T12:50:02Z" finished-at="2020-02-12T12:50:15Z">
          <reporter-output>
          </reporter-output>
        </test-method> <!-- setup -->
        <test-method status="PASS" signature="facebooklogintest()[pri:0, instance:org.execution.DemoForLog4j@1888ff2c]" name="facebooklogintest" duration-ms="153" started-at="2020-02-12T12:50:15Z" finished-at="2020-02-12T12:50:15Z">
          <reporter-output>
          </reporter-output>
        </test-method> <!-- facebooklogintest -->
        <test-method status="PASS" signature="setup()[pri:0, instance:org.execution.DemoForLog4j@1888ff2c]" name="setup" is-config="true" duration-ms="12553" started-at="2020-02-12T12:50:15Z" finished-at="2020-02-12T12:50:28Z">
          <reporter-output>
          </reporter-output>
        </test-method> <!-- setup -->
        <test-method status="PASS" signature="facebooktest()[pri:0, instance:org.execution.DemoForLog4j@1888ff2c]" name="facebooktest" duration-ms="8" started-at="2020-02-12T12:50:28Z" finished-at="2020-02-12T12:50:28Z">
          <reporter-output>
          </reporter-output>
        </test-method> <!-- facebooktest -->
      </class> <!-- org.execution.DemoForLog4j -->
    </test> <!-- Default test -->
  </suite> <!-- Default suite -->
</testng-results>
